TN:
SF:/home/filipe-brochier/trybe-exercises/2-front-end/block-14/day-2/src/App.js
FN:6,(anonymous_0)
FN:14,(anonymous_1)
FN:15,(anonymous_2)
FN:21,(anonymous_3)
FN:25,(anonymous_4)
FN:26,(anonymous_5)
FN:26,(anonymous_6)
FN:35,(anonymous_7)
FN:44,(anonymous_8)
FNF:9
FNH:9
FNDA:9,(anonymous_0)
FNDA:17,(anonymous_1)
FNDA:17,(anonymous_2)
FNDA:3,(anonymous_3)
FNDA:2,(anonymous_4)
FNDA:2,(anonymous_5)
FNDA:2,(anonymous_6)
FNDA:28,(anonymous_7)
FNDA:17,(anonymous_8)
DA:7,9
DA:8,9
DA:10,9
DA:11,9
DA:15,17
DA:22,3
DA:23,3
DA:24,2
DA:25,2
DA:26,2
DA:36,28
DA:37,28
DA:44,17
LF:13
LH:13
BRDA:23,0,0,2
BRDA:23,0,1,1
BRDA:56,1,0,1
BRDA:56,1,1,27
BRDA:56,2,0,28
BRDA:56,2,1,2
BRDA:58,3,0,27
BRDA:58,3,1,26
BRF:8
BRH:8
end_of_record
TN:
SF:/home/filipe-brochier/trybe-exercises/2-front-end/block-14/day-2/src/Digimon.js
FN:4,(anonymous_0)
FNF:1
FNH:1
FNDA:1,(anonymous_0)
DA:4,2
DA:5,1
DA:14,2
LF:3
LH:3
BRF:0
BRH:0
end_of_record
